This file contains any messages produced by compilers while
running configure, to aid debugging if configure makes a mistake.

It was created by xdrfile configure 1.1.1, which was
generated by GNU Autoconf 2.65.  Invocation command line was

  $ ./configure --prefix=/srv/home/cson/program/utility/trj_analysis/gmx_xtc/

## --------- ##
## Platform. ##
## --------- ##

hostname = euler.wacc.wisc.edu
uname -m = x86_64
uname -r = 3.10.0-514.10.2.el7.x86_64
uname -s = Linux
uname -v = #1 SMP Fri Mar 3 00:04:05 UTC 2017

/usr/bin/uname -p = x86_64
/bin/uname -X     = unknown

/bin/arch              = x86_64
/usr/bin/arch -k       = unknown
/usr/convex/getsysinfo = unknown
/usr/bin/hostinfo      = unknown
/bin/machine           = unknown
/usr/bin/oslevel       = unknown
/bin/universe          = unknown

PATH: /usr/local/intel/2017/compilers_and_libraries_2017.3.191/linux/bin/intel64
PATH: /usr/local/intel/2017/compilers_and_libraries_2017.3.191/linux/mpi/intel64/bin
PATH: /usr/local/intel/2017/debugger_2017/gdb/intel64_mic/bin
PATH: /usr/lib64/qt-3.3/bin
PATH: /usr/local/bin
PATH: /usr/bin
PATH: /usr/local/sbin
PATH: /usr/sbin
PATH: /opt/ibutils/bin
PATH: /srv/home/cson/program/vmd/bin/


## ----------- ##
## Core tests. ##
## ----------- ##

configure:2892: checking build system type
configure:2906: result: x86_64-unknown-linux-gnu
configure:2926: checking host system type
configure:2939: result: x86_64-unknown-linux-gnu
configure:2976: checking for a BSD-compatible install
configure:3044: result: /usr/bin/install -c
configure:3055: checking whether build environment is sane
configure:3105: result: yes
configure:3246: checking for a thread-safe mkdir -p
configure:3285: result: /usr/bin/mkdir -p
configure:3298: checking for gawk
configure:3314: found /usr/bin/gawk
configure:3325: result: gawk
configure:3336: checking whether make sets $(MAKE)
configure:3358: result: yes
configure:3433: checking how to create a ustar tar archive
configure:3446: tar --version
tar (GNU tar) 1.26
Copyright (C) 2011 Free Software Foundation, Inc.
License GPLv3+: GNU GPL version 3 or later <http://gnu.org/licenses/gpl.html>.
This is free software: you are free to change and redistribute it.
There is NO WARRANTY, to the extent permitted by law.

Written by John Gilmore and Jay Fenlason.
configure:3449: $? = 0
configure:3489: tardir=conftest.dir && eval tar --format=ustar -chf - "$tardir" >conftest.tar
tar: value 1748000860 out of uid_t range 0..2097151
tar: Exiting with failure status due to previous errors
configure:3492: $? = 2
configure:3496: tar -xf - <conftest.tar
configure:3499: $? = 0
configure:3489: tardir=conftest.dir && eval pax -L -x ustar -w "$tardir" >conftest.tar
configure:3492: $? = 0
configure:3496: pax -r <conftest.tar
configure:3499: $? = 0
configure:3512: result: pax
configure:3746: checking for C compiler version
configure:3755: icc --version >&5
icc (ICC) 17.0.3 20170404
Copyright (C) 1985-2017 Intel Corporation.  All rights reserved.

configure:3766: $? = 0
configure:3755: icc -v >&5
icc version 17.0.3 (gcc version 4.8.5 compatibility)
configure:3766: $? = 0
configure:3755: icc -V >&5
Intel(R) C Intel(R) 64 Compiler for applications running on Intel(R) 64, Version 17.0.3.191 Build 20170404
Copyright (C) 1985-2017 Intel Corporation.  All rights reserved.

configure:3766: $? = 0
configure:3755: icc -qversion >&5
icc: command line warning #10006: ignoring unknown option '-qversion'
icc: command line error: no files specified; for help type "icc -help"
configure:3766: $? = 1
configure:3786: checking whether the C compiler works
configure:3808: icc    conftest.c  >&5
configure:3812: $? = 0
configure:3861: result: yes
configure:3864: checking for C compiler default output file name
configure:3866: result: a.out
configure:3872: checking for suffix of executables
configure:3879: icc -o conftest    conftest.c  >&5
configure:3883: $? = 0
configure:3905: result: 
configure:3927: checking whether we are cross compiling
configure:3935: icc -o conftest    conftest.c  >&5
configure:3939: $? = 0
configure:3946: ./conftest
configure:3950: $? = 0
configure:3965: result: no
configure:3970: checking for suffix of object files
configure:3992: icc -c   conftest.c >&5
configure:3996: $? = 0
configure:4017: result: o
configure:4021: checking whether we are using the GNU C compiler
configure:4040: icc -c   conftest.c >&5
configure:4040: $? = 0
configure:4049: result: yes
configure:4058: checking whether icc accepts -g
configure:4078: icc -c -g  conftest.c >&5
configure:4078: $? = 0
configure:4119: result: yes
configure:4136: checking for icc option to accept ISO C89
configure:4200: icc  -c -g -O2  conftest.c >&5
configure:4200: $? = 0
configure:4213: result: none needed
configure:4244: checking for style of include used by make
configure:4272: result: GNU
configure:4297: checking dependency style of icc
configure:4407: result: gcc3
configure:4654: checking dependency style of icc
configure:4762: result: gcc3
configure:5587: checking how to run the C preprocessor
configure:5618: icc -E  conftest.c
configure:5618: $? = 0
configure:5632: icc -E  conftest.c
conftest.c(16): error #2379: cannot open source file "ac_nonexistent.h"
  #include <ac_nonexistent.h>
                             ^

configure:5632: $? = 2
configure: failed program was:
| /* confdefs.h */
| #define PACKAGE_NAME "xdrfile"
| #define PACKAGE_TARNAME "xdrfile"
| #define PACKAGE_VERSION "1.1.1"
| #define PACKAGE_STRING "xdrfile 1.1.1"
| #define PACKAGE_BUGREPORT "gmx-users@gromacs.org"
| #define PACKAGE_URL ""
| #define PACKAGE "xdrfile"
| #define VERSION "1.1.1"
| #define BUILD_TIME "Wed Jun 28 11:22:25 CDT 2017"
| #define BUILD_USER "cson@euler.wacc.wisc.edu"
| #define BUILD_MACHINE "Linux 3.10.0-514.10.2.el7.x86_64 x86_64"
| #define F77_OR_C_FUNC(name,NAME) name
| #define F77_OR_C_FUNC_(name,NAME) name
| /* end confdefs.h.  */
| #include <ac_nonexistent.h>
configure:5657: result: icc -E
configure:5677: icc -E  conftest.c
configure:5677: $? = 0
configure:5691: icc -E  conftest.c
conftest.c(16): error #2379: cannot open source file "ac_nonexistent.h"
  #include <ac_nonexistent.h>
                             ^

configure:5691: $? = 2
configure: failed program was:
| /* confdefs.h */
| #define PACKAGE_NAME "xdrfile"
| #define PACKAGE_TARNAME "xdrfile"
| #define PACKAGE_VERSION "1.1.1"
| #define PACKAGE_STRING "xdrfile 1.1.1"
| #define PACKAGE_BUGREPORT "gmx-users@gromacs.org"
| #define PACKAGE_URL ""
| #define PACKAGE "xdrfile"
| #define VERSION "1.1.1"
| #define BUILD_TIME "Wed Jun 28 11:22:25 CDT 2017"
| #define BUILD_USER "cson@euler.wacc.wisc.edu"
| #define BUILD_MACHINE "Linux 3.10.0-514.10.2.el7.x86_64 x86_64"
| #define F77_OR_C_FUNC(name,NAME) name
| #define F77_OR_C_FUNC_(name,NAME) name
| /* end confdefs.h.  */
| #include <ac_nonexistent.h>
configure:6409: checking whether icc accepts -msse2
configure:6427: result: yes
configure:6441: checking whether icc accepts -funroll-all-loops
configure:6459: result: yes
configure:6471: checking whether icc accepts -std=gnu99
configure:6489: result: yes
configure:6504: checking whether icc accepts -fexcess-precision=fast
configure:6522: result: no
configure:6563: checking whether icc accepts -O3 -tpp7 -axW -ip -w -msse2 -funroll-all-loops -std=gnu99
configure:6581: result: yes
configure:6673: checking for grep that handles long lines and -e
configure:6731: result: /usr/bin/grep
configure:6736: checking for egrep
configure:6798: result: /usr/bin/grep -E
configure:6803: checking for ANSI C header files
configure:6831: icc -c -O3 -tpp7 -axW -ip -w -msse2 -funroll-all-loops -std=gnu99  -I/usr/local/include conftest.c >&5
configure:6831: $? = 0
configure:6904: icc -o conftest -O3 -tpp7 -axW -ip -w -msse2 -funroll-all-loops -std=gnu99  -I/usr/local/include   conftest.c  >&5
configure:6904: $? = 0
configure:6904: ./conftest
configure:6904: $? = 0
configure:6915: result: yes
configure:6928: checking for sys/types.h
configure:6928: icc -c -O3 -tpp7 -axW -ip -w -msse2 -funroll-all-loops -std=gnu99  -I/usr/local/include conftest.c >&5
configure:6928: $? = 0
configure:6928: result: yes
configure:6928: checking for sys/stat.h
configure:6928: icc -c -O3 -tpp7 -axW -ip -w -msse2 -funroll-all-loops -std=gnu99  -I/usr/local/include conftest.c >&5
configure:6928: $? = 0
configure:6928: result: yes
configure:6928: checking for stdlib.h
configure:6928: icc -c -O3 -tpp7 -axW -ip -w -msse2 -funroll-all-loops -std=gnu99  -I/usr/local/include conftest.c >&5
configure:6928: $? = 0
configure:6928: result: yes
configure:6928: checking for string.h
configure:6928: icc -c -O3 -tpp7 -axW -ip -w -msse2 -funroll-all-loops -std=gnu99  -I/usr/local/include conftest.c >&5
configure:6928: $? = 0
configure:6928: result: yes
configure:6928: checking for memory.h
configure:6928: icc -c -O3 -tpp7 -axW -ip -w -msse2 -funroll-all-loops -std=gnu99  -I/usr/local/include conftest.c >&5
configure:6928: $? = 0
configure:6928: result: yes
configure:6928: checking for strings.h
configure:6928: icc -c -O3 -tpp7 -axW -ip -w -msse2 -funroll-all-loops -std=gnu99  -I/usr/local/include conftest.c >&5
configure:6928: $? = 0
configure:6928: result: yes
configure:6928: checking for inttypes.h
configure:6928: icc -c -O3 -tpp7 -axW -ip -w -msse2 -funroll-all-loops -std=gnu99  -I/usr/local/include conftest.c >&5
configure:6928: $? = 0
configure:6928: result: yes
configure:6928: checking for stdint.h
configure:6928: icc -c -O3 -tpp7 -axW -ip -w -msse2 -funroll-all-loops -std=gnu99  -I/usr/local/include conftest.c >&5
configure:6928: $? = 0
configure:6928: result: yes
configure:6928: checking for unistd.h
configure:6928: icc -c -O3 -tpp7 -axW -ip -w -msse2 -funroll-all-loops -std=gnu99  -I/usr/local/include conftest.c >&5
configure:6928: $? = 0
configure:6928: result: yes
configure:6941: checking whether byte ordering is bigendian
configure:6956: icc -c -O3 -tpp7 -axW -ip -w -msse2 -funroll-all-loops -std=gnu99  -I/usr/local/include conftest.c >&5
conftest.c(27): error: identifier "not" is undefined
  	       not a universal capable compiler
  	       ^

conftest.c(27): error: expected a ";"
  	       not a universal capable compiler
  	             ^

configure:6956: $? = 2
configure: failed program was:
| /* confdefs.h */
| #define PACKAGE_NAME "xdrfile"
| #define PACKAGE_TARNAME "xdrfile"
| #define PACKAGE_VERSION "1.1.1"
| #define PACKAGE_STRING "xdrfile 1.1.1"
| #define PACKAGE_BUGREPORT "gmx-users@gromacs.org"
| #define PACKAGE_URL ""
| #define PACKAGE "xdrfile"
| #define VERSION "1.1.1"
| #define BUILD_TIME "Wed Jun 28 11:22:25 CDT 2017"
| #define BUILD_USER "cson@euler.wacc.wisc.edu"
| #define BUILD_MACHINE "Linux 3.10.0-514.10.2.el7.x86_64 x86_64"
| #define F77_OR_C_FUNC(name,NAME) name
| #define F77_OR_C_FUNC_(name,NAME) name
| #define STDC_HEADERS 1
| #define HAVE_SYS_TYPES_H 1
| #define HAVE_SYS_STAT_H 1
| #define HAVE_STDLIB_H 1
| #define HAVE_STRING_H 1
| #define HAVE_MEMORY_H 1
| #define HAVE_STRINGS_H 1
| #define HAVE_INTTYPES_H 1
| #define HAVE_STDINT_H 1
| #define HAVE_UNISTD_H 1
| /* end confdefs.h.  */
| #ifndef __APPLE_CC__
| 	       not a universal capable compiler
| 	     #endif
| 	     typedef int dummy;
| 
configure:7009: icc -c -O3 -tpp7 -axW -ip -w -msse2 -funroll-all-loops -std=gnu99  -I/usr/local/include conftest.c >&5
configure:7009: $? = 0
configure:7035: icc -c -O3 -tpp7 -axW -ip -w -msse2 -funroll-all-loops -std=gnu99  -I/usr/local/include conftest.c >&5
conftest.c(41): error: identifier "not" is undefined
  		 not big endian
  		 ^

conftest.c(41): error: expected a ";"
  		 not big endian
  		         ^

configure:7035: $? = 2
configure: failed program was:
| /* confdefs.h */
| #define PACKAGE_NAME "xdrfile"
| #define PACKAGE_TARNAME "xdrfile"
| #define PACKAGE_VERSION "1.1.1"
| #define PACKAGE_STRING "xdrfile 1.1.1"
| #define PACKAGE_BUGREPORT "gmx-users@gromacs.org"
| #define PACKAGE_URL ""
| #define PACKAGE "xdrfile"
| #define VERSION "1.1.1"
| #define BUILD_TIME "Wed Jun 28 11:22:25 CDT 2017"
| #define BUILD_USER "cson@euler.wacc.wisc.edu"
| #define BUILD_MACHINE "Linux 3.10.0-514.10.2.el7.x86_64 x86_64"
| #define F77_OR_C_FUNC(name,NAME) name
| #define F77_OR_C_FUNC_(name,NAME) name
| #define STDC_HEADERS 1
| #define HAVE_SYS_TYPES_H 1
| #define HAVE_SYS_STAT_H 1
| #define HAVE_STDLIB_H 1
| #define HAVE_STRING_H 1
| #define HAVE_MEMORY_H 1
| #define HAVE_STRINGS_H 1
| #define HAVE_INTTYPES_H 1
| #define HAVE_STDINT_H 1
| #define HAVE_UNISTD_H 1
| /* end confdefs.h.  */
| #include <sys/types.h>
| 		#include <sys/param.h>
| 
| #ifdef F77_DUMMY_MAIN
| 
| #  ifdef __cplusplus
|      extern "C"
| #  endif
|    int F77_DUMMY_MAIN() { return 1; }
| 
| #endif
| int
| main ()
| {
| #if BYTE_ORDER != BIG_ENDIAN
| 		 not big endian
| 		#endif
| 
|   ;
|   return 0;
| }
configure:7195: result: no
configure:7223: checking size of int
configure:7228: icc -o conftest -O3 -tpp7 -axW -ip -w -msse2 -funroll-all-loops -std=gnu99  -I/usr/local/include   conftest.c  >&5
configure:7228: $? = 0
configure:7228: ./conftest
configure:7228: $? = 0
configure:7243: result: 4
configure:7257: checking size of long int
configure:7262: icc -o conftest -O3 -tpp7 -axW -ip -w -msse2 -funroll-all-loops -std=gnu99  -I/usr/local/include   conftest.c  >&5
configure:7262: $? = 0
configure:7262: ./conftest
configure:7262: $? = 0
configure:7277: result: 8
configure:7291: checking size of long long int
configure:7296: icc -o conftest -O3 -tpp7 -axW -ip -w -msse2 -funroll-all-loops -std=gnu99  -I/usr/local/include   conftest.c  >&5
configure:7296: $? = 0
configure:7296: ./conftest
configure:7296: $? = 0
configure:7311: result: 8
configure:7327: checking that size_t can hold pointers
configure:7351: icc -c -O3 -tpp7 -axW -ip -w -msse2 -funroll-all-loops -std=gnu99  -I/usr/local/include conftest.c >&5
configure:7351: $? = 0
configure:7352: result: yes
configure:7365: checking floating-point format
configure:7386: icc -c -O3 -tpp7 -axW -ip -w -msse2 -funroll-all-loops -std=gnu99  -I/usr/local/include conftest.c >&5
configure:7389: $? = 0
configure:7417: result: IEEE754 (little-endian byte and word order)
configure:7473: checking whether ln -s works
configure:7477: result: yes
configure:7484: checking whether make sets $(MAKE)
configure:7506: result: yes
configure:7565: checking for a sed that does not truncate output
configure:7619: result: /usr/bin/sed
configure:7633: checking for ld used by icc
configure:7700: result: /usr/bin/ld
configure:7707: checking if the linker (/usr/bin/ld) is GNU ld
configure:7722: result: yes
configure:7727: checking for /usr/bin/ld option to reload object files
configure:7734: result: -r
configure:7752: checking for BSD-compatible nm
configure:7801: result: /usr/bin/nm -B
configure:7805: checking how to recognise dependent libraries
configure:7981: result: pass_all
configure:8068: icc -c -O3 -tpp7 -axW -ip -w -msse2 -funroll-all-loops -std=gnu99  -I/usr/local/include conftest.c >&5
configure:8071: $? = 0
configure:8472: checking dlfcn.h usability
configure:8472: icc -c -O3 -tpp7 -axW -ip -w -msse2 -funroll-all-loops -std=gnu99  -I/usr/local/include conftest.c >&5
configure:8472: $? = 0
configure:8472: result: yes
configure:8472: checking dlfcn.h presence
configure:8472: icc -E  -I/usr/local/include conftest.c
configure:8472: $? = 0
configure:8472: result: yes
configure:8472: checking for dlfcn.h
configure:8472: result: yes
configure:8540: checking for g++
configure:8556: found /usr/bin/g++
configure:8567: result: g++
configure:8594: checking for C++ compiler version
configure:8603: g++ --version >&5
g++ (GCC) 4.8.5 20150623 (Red Hat 4.8.5-11)
Copyright (C) 2015 Free Software Foundation, Inc.
This is free software; see the source for copying conditions.  There is NO
warranty; not even for MERCHANTABILITY or FITNESS FOR A PARTICULAR PURPOSE.

configure:8614: $? = 0
configure:8603: g++ -v >&5
Using built-in specs.
COLLECT_GCC=g++
COLLECT_LTO_WRAPPER=/usr/libexec/gcc/x86_64-redhat-linux/4.8.5/lto-wrapper
Target: x86_64-redhat-linux
Configured with: ../configure --prefix=/usr --mandir=/usr/share/man --infodir=/usr/share/info --with-bugurl=http://bugzilla.redhat.com/bugzilla --enable-bootstrap --enable-shared --enable-threads=posix --enable-checking=release --with-system-zlib --enable-__cxa_atexit --disable-libunwind-exceptions --enable-gnu-unique-object --enable-linker-build-id --with-linker-hash-style=gnu --enable-languages=c,c++,objc,obj-c++,java,fortran,ada,go,lto --enable-plugin --enable-initfini-array --disable-libgcj --with-isl=/builddir/build/BUILD/gcc-4.8.5-20150702/obj-x86_64-redhat-linux/isl-install --with-cloog=/builddir/build/BUILD/gcc-4.8.5-20150702/obj-x86_64-redhat-linux/cloog-install --enable-gnu-indirect-function --with-tune=generic --with-arch_32=x86-64 --build=x86_64-redhat-linux
Thread model: posix
gcc version 4.8.5 20150623 (Red Hat 4.8.5-11) (GCC) 
configure:8614: $? = 0
configure:8603: g++ -V >&5
g++: error: unrecognized command line option '-V'
g++: fatal error: no input files
compilation terminated.
configure:8614: $? = 4
configure:8603: g++ -qversion >&5
g++: error: unrecognized command line option '-qversion'
g++: fatal error: no input files
compilation terminated.
configure:8614: $? = 4
configure:8618: checking whether we are using the GNU C++ compiler
configure:8645: g++ -c   -I/usr/local/include conftest.cpp >&5
configure:8645: $? = 0
configure:8654: result: yes
configure:8663: checking whether g++ accepts -g
configure:8691: g++ -c -g  -I/usr/local/include conftest.cpp >&5
configure:8691: $? = 0
configure:8748: result: yes
configure:8773: checking dependency style of g++
configure:8883: result: gcc3
configure:8908: checking how to run the C++ preprocessor
configure:8935: g++ -E  -I/usr/local/include conftest.cpp
configure:8935: $? = 0
configure:8949: g++ -E  -I/usr/local/include conftest.cpp
conftest.cpp:31:28: fatal error: ac_nonexistent.h: No such file or directory
 #include <ac_nonexistent.h>
                            ^
compilation terminated.
configure:8949: $? = 1
configure: failed program was:
| /* confdefs.h */
| #define PACKAGE_NAME "xdrfile"
| #define PACKAGE_TARNAME "xdrfile"
| #define PACKAGE_VERSION "1.1.1"
| #define PACKAGE_STRING "xdrfile 1.1.1"
| #define PACKAGE_BUGREPORT "gmx-users@gromacs.org"
| #define PACKAGE_URL ""
| #define PACKAGE "xdrfile"
| #define VERSION "1.1.1"
| #define BUILD_TIME "Wed Jun 28 11:22:25 CDT 2017"
| #define BUILD_USER "cson@euler.wacc.wisc.edu"
| #define BUILD_MACHINE "Linux 3.10.0-514.10.2.el7.x86_64 x86_64"
| #define F77_OR_C_FUNC(name,NAME) name
| #define F77_OR_C_FUNC_(name,NAME) name
| #define STDC_HEADERS 1
| #define HAVE_SYS_TYPES_H 1
| #define HAVE_SYS_STAT_H 1
| #define HAVE_STDLIB_H 1
| #define HAVE_STRING_H 1
| #define HAVE_MEMORY_H 1
| #define HAVE_STRINGS_H 1
| #define HAVE_INTTYPES_H 1
| #define HAVE_STDINT_H 1
| #define HAVE_UNISTD_H 1
| #define SIZEOF_INT 4
| #define SIZEOF_LONG_INT 8
| #define SIZEOF_LONG_LONG_INT 8
| #define FLOAT_FORMAT_IEEE754 /**/
| #define HAVE_DLFCN_H 1
| /* end confdefs.h.  */
| #include <ac_nonexistent.h>
configure:8974: result: g++ -E
configure:8994: g++ -E  -I/usr/local/include conftest.cpp
configure:8994: $? = 0
configure:9008: g++ -E  -I/usr/local/include conftest.cpp
conftest.cpp:31:28: fatal error: ac_nonexistent.h: No such file or directory
 #include <ac_nonexistent.h>
                            ^
compilation terminated.
configure:9008: $? = 1
configure: failed program was:
| /* confdefs.h */
| #define PACKAGE_NAME "xdrfile"
| #define PACKAGE_TARNAME "xdrfile"
| #define PACKAGE_VERSION "1.1.1"
| #define PACKAGE_STRING "xdrfile 1.1.1"
| #define PACKAGE_BUGREPORT "gmx-users@gromacs.org"
| #define PACKAGE_URL ""
| #define PACKAGE "xdrfile"
| #define VERSION "1.1.1"
| #define BUILD_TIME "Wed Jun 28 11:22:25 CDT 2017"
| #define BUILD_USER "cson@euler.wacc.wisc.edu"
| #define BUILD_MACHINE "Linux 3.10.0-514.10.2.el7.x86_64 x86_64"
| #define F77_OR_C_FUNC(name,NAME) name
| #define F77_OR_C_FUNC_(name,NAME) name
| #define STDC_HEADERS 1
| #define HAVE_SYS_TYPES_H 1
| #define HAVE_SYS_STAT_H 1
| #define HAVE_STDLIB_H 1
| #define HAVE_STRING_H 1
| #define HAVE_MEMORY_H 1
| #define HAVE_STRINGS_H 1
| #define HAVE_INTTYPES_H 1
| #define HAVE_STDINT_H 1
| #define HAVE_UNISTD_H 1
| #define SIZEOF_INT 4
| #define SIZEOF_LONG_INT 8
| #define SIZEOF_LONG_LONG_INT 8
| #define FLOAT_FORMAT_IEEE754 /**/
| #define HAVE_DLFCN_H 1
| /* end confdefs.h.  */
| #include <ac_nonexistent.h>
configure:9043: checking the maximum length of command line arguments
configure:9152: result: 32768
configure:9163: checking command to parse /usr/bin/nm -B output from icc object
configure:9268: g++ -c -g -O2  -I/usr/local/include conftest.cpp >&5
configure:9271: $? = 0
configure:9275: /usr/bin/nm -B conftest.o \| sed -n -e 's/^.*[ 	]\([ABCDGIRSTW][ABCDGIRSTW]*\)[ 	][ 	]*\([_A-Za-z][_A-Za-z0-9]*\)$/\1 \2 \2/p' \> conftest.nm
configure:9278: $? = 0
configure:9330: g++ -o conftest -g -O2  -I/usr/local/include   conftest.cpp conftstm.o >&5
configure:9333: $? = 0
configure:9371: result: ok
configure:9375: checking for objdir
configure:9390: result: .libs
configure:9482: checking for ar
configure:9498: found /usr/bin/ar
configure:9509: result: ar
configure:9574: checking for ranlib
configure:9590: found /usr/bin/ranlib
configure:9601: result: ranlib
configure:9666: checking for strip
configure:9682: found /usr/bin/strip
configure:9693: result: strip
configure:9979: checking if icc supports -fno-rtti -fno-exceptions
configure:9997: icc -c -O3 -tpp7 -axW -ip -w -msse2 -funroll-all-loops -std=gnu99  -I/usr/local/include -fno-rtti -fno-exceptions conftest.c >&5
configure:10001: $? = 0
configure:10014: result: yes
configure:10029: checking for icc option to produce PIC
configure:10239: result: -fPIC
configure:10247: checking if icc PIC flag -fPIC works
configure:10265: icc -c -O3 -tpp7 -axW -ip -w -msse2 -funroll-all-loops -std=gnu99  -I/usr/local/include -fPIC -DPIC conftest.c >&5
configure:10269: $? = 0
configure:10282: result: yes
configure:10310: checking if icc static flag -static works
configure:10338: result: no
configure:10348: checking if icc supports -c -o file.o
configure:10369: icc -c -O3 -tpp7 -axW -ip -w -msse2 -funroll-all-loops -std=gnu99  -I/usr/local/include -o out/conftest2.o conftest.c >&5
configure:10373: $? = 0
configure:10395: result: yes
configure:10421: checking whether the icc linker (/usr/bin/ld -m elf_x86_64) supports shared libraries
configure:11337: result: yes
configure:11404: checking dynamic linker characteristics
configure:11992: result: GNU/Linux ld.so
configure:12001: checking how to hardcode library paths into programs
configure:12026: result: immediate
configure:12040: checking whether stripping libraries is possible
configure:12045: result: yes
configure:12602: checking if libtool supports shared libraries
configure:12604: result: yes
configure:12607: checking whether to build shared libraries
configure:12628: result: no
configure:12631: checking whether to build static libraries
configure:12635: result: yes
configure:12727: creating libtool
configure:13311: checking for ld used by g++
configure:13378: result: /usr/bin/ld -m elf_x86_64
configure:13385: checking if the linker (/usr/bin/ld -m elf_x86_64) is GNU ld
configure:13400: result: yes
configure:13451: checking whether the g++ linker (/usr/bin/ld -m elf_x86_64) supports shared libraries
configure:14347: result: yes
configure:14369: g++ -c -g -O2  -I/usr/local/include conftest.cpp >&5
configure:14372: $? = 0
configure:14491: checking for g++ option to produce PIC
configure:14765: result: -fPIC
configure:14773: checking if g++ PIC flag -fPIC works
configure:14791: g++ -c -g -O2  -I/usr/local/include -fPIC -DPIC conftest.cpp >&5
configure:14795: $? = 0
configure:14808: result: yes
configure:14836: checking if g++ static flag -static works
configure:14864: result: no
configure:14874: checking if g++ supports -c -o file.o
configure:14895: g++ -c -g -O2  -I/usr/local/include -o out/conftest2.o conftest.cpp >&5
configure:14899: $? = 0
configure:14921: result: yes
configure:14947: checking whether the g++ linker (/usr/bin/ld -m elf_x86_64) supports shared libraries
configure:14972: result: yes
configure:15039: checking dynamic linker characteristics
configure:15627: result: GNU/Linux ld.so
configure:15636: checking how to hardcode library paths into programs
configure:15661: result: immediate
configure:21724: checking for special C compiler options needed for large files
configure:21777: result: no
configure:21783: checking for _FILE_OFFSET_BITS value needed for large files
configure:21816: icc -c -O3 -tpp7 -axW -ip -w -msse2 -funroll-all-loops -std=gnu99  -I/usr/local/include conftest.c >&5
configure:21816: $? = 0
configure:21856: result: no
configure:21955: checking for _LARGEFILE_SOURCE value needed for large files
configure:21982: icc -o conftest -O3 -tpp7 -axW -ip -w -msse2 -funroll-all-loops -std=gnu99  -I/usr/local/include   conftest.c  >&5
configure:21982: $? = 0
configure:22018: result: no
configure:22049: Using built-in math library with intel compiler
configure:22123: checking rpc/rpc.h usability
configure:22123: icc -c -O3 -tpp7 -axW -ip -w -msse2 -funroll-all-loops -std=gnu99  -I/usr/local/include conftest.c >&5
configure:22123: $? = 0
configure:22123: result: yes
configure:22123: checking rpc/rpc.h presence
configure:22123: icc -E  -I/usr/local/include conftest.c
configure:22123: $? = 0
configure:22123: result: yes
configure:22123: checking for rpc/rpc.h
configure:22123: result: yes
configure:22135: checking for rpc/xdr.h
configure:22135: icc -c -O3 -tpp7 -axW -ip -w -msse2 -funroll-all-loops -std=gnu99  -I/usr/local/include conftest.c >&5
configure:22135: $? = 0
configure:22135: result: yes
configure:22149: checking for xdr_float in -lnsl
configure:22182: icc -o conftest -O3 -tpp7 -axW -ip -w -msse2 -funroll-all-loops -std=gnu99  -I/usr/local/include   conftest.c -lnsl   >&5
configure:22182: $? = 0
configure:22191: result: yes
configure:22232: icc -o conftest -O3 -tpp7 -axW -ip -w -msse2 -funroll-all-loops -std=gnu99  -I/usr/local/include   conftest.c -lnsl  >&5
configure:22232: $? = 0
configure:22252: checking for working memcmp
configure:22303: icc -o conftest -O3 -tpp7 -axW -ip -w -msse2 -funroll-all-loops -std=gnu99  -I/usr/local/include   conftest.c -lnsl  >&5
configure:22303: $? = 0
configure:22303: ./conftest
configure:22303: $? = 0
configure:22313: result: yes
configure:22322: checking return type of signal handlers
configure:22348: icc -c -O3 -tpp7 -axW -ip -w -msse2 -funroll-all-loops -std=gnu99  -I/usr/local/include conftest.c >&5
conftest.c(49): error: operand of "*" must be a pointer
  return *(signal (0, 0)) (0) == 1;
          ^

configure:22348: $? = 2
configure: failed program was:
| /* confdefs.h */
| #define PACKAGE_NAME "xdrfile"
| #define PACKAGE_TARNAME "xdrfile"
| #define PACKAGE_VERSION "1.1.1"
| #define PACKAGE_STRING "xdrfile 1.1.1"
| #define PACKAGE_BUGREPORT "gmx-users@gromacs.org"
| #define PACKAGE_URL ""
| #define PACKAGE "xdrfile"
| #define VERSION "1.1.1"
| #define BUILD_TIME "Wed Jun 28 11:22:25 CDT 2017"
| #define BUILD_USER "cson@euler.wacc.wisc.edu"
| #define BUILD_MACHINE "Linux 3.10.0-514.10.2.el7.x86_64 x86_64"
| #define F77_OR_C_FUNC(name,NAME) name
| #define F77_OR_C_FUNC_(name,NAME) name
| #define STDC_HEADERS 1
| #define HAVE_SYS_TYPES_H 1
| #define HAVE_SYS_STAT_H 1
| #define HAVE_STDLIB_H 1
| #define HAVE_STRING_H 1
| #define HAVE_MEMORY_H 1
| #define HAVE_STRINGS_H 1
| #define HAVE_INTTYPES_H 1
| #define HAVE_STDINT_H 1
| #define HAVE_UNISTD_H 1
| #define SIZEOF_INT 4
| #define SIZEOF_LONG_INT 8
| #define SIZEOF_LONG_LONG_INT 8
| #define FLOAT_FORMAT_IEEE754 /**/
| #define HAVE_DLFCN_H 1
| #define HAVE_FSEEKO 1
| #define HAVE_RPC_RPC_H 1
| #define HAVE_RPC_XDR_H 1
| #define HAVE_LIBNSL 1
| /* end confdefs.h.  */
| #include <sys/types.h>
| #include <signal.h>
| 
| #ifdef F77_DUMMY_MAIN
| 
| #  ifdef __cplusplus
|      extern "C"
| #  endif
|    int F77_DUMMY_MAIN() { return 1; }
| 
| #endif
| int
| main ()
| {
| return *(signal (0, 0)) (0) == 1;
|   ;
|   return 0;
| }
configure:22355: result: void
configure:22365: checking for vprintf
configure:22365: icc -o conftest -O3 -tpp7 -axW -ip -w -msse2 -funroll-all-loops -std=gnu99  -I/usr/local/include   conftest.c -lnsl  >&5
configure:22365: $? = 0
configure:22365: result: yes
configure:22371: checking for _doprnt
configure:22371: icc -o conftest -O3 -tpp7 -axW -ip -w -msse2 -funroll-all-loops -std=gnu99  -I/usr/local/include   conftest.c -lnsl  >&5
/tmp/icciM2Xpu.o: In function `main':
conftest.c:(.text+0x2d): undefined reference to `_doprnt'
configure:22371: $? = 1
configure: failed program was:
| /* confdefs.h */
| #define PACKAGE_NAME "xdrfile"
| #define PACKAGE_TARNAME "xdrfile"
| #define PACKAGE_VERSION "1.1.1"
| #define PACKAGE_STRING "xdrfile 1.1.1"
| #define PACKAGE_BUGREPORT "gmx-users@gromacs.org"
| #define PACKAGE_URL ""
| #define PACKAGE "xdrfile"
| #define VERSION "1.1.1"
| #define BUILD_TIME "Wed Jun 28 11:22:25 CDT 2017"
| #define BUILD_USER "cson@euler.wacc.wisc.edu"
| #define BUILD_MACHINE "Linux 3.10.0-514.10.2.el7.x86_64 x86_64"
| #define F77_OR_C_FUNC(name,NAME) name
| #define F77_OR_C_FUNC_(name,NAME) name
| #define STDC_HEADERS 1
| #define HAVE_SYS_TYPES_H 1
| #define HAVE_SYS_STAT_H 1
| #define HAVE_STDLIB_H 1
| #define HAVE_STRING_H 1
| #define HAVE_MEMORY_H 1
| #define HAVE_STRINGS_H 1
| #define HAVE_INTTYPES_H 1
| #define HAVE_STDINT_H 1
| #define HAVE_UNISTD_H 1
| #define SIZEOF_INT 4
| #define SIZEOF_LONG_INT 8
| #define SIZEOF_LONG_LONG_INT 8
| #define FLOAT_FORMAT_IEEE754 /**/
| #define HAVE_DLFCN_H 1
| #define HAVE_FSEEKO 1
| #define HAVE_RPC_RPC_H 1
| #define HAVE_RPC_XDR_H 1
| #define HAVE_LIBNSL 1
| #define RETSIGTYPE void
| #define HAVE_VPRINTF 1
| /* end confdefs.h.  */
| /* Define _doprnt to an innocuous variant, in case <limits.h> declares _doprnt.
|    For example, HP-UX 11i <limits.h> declares gettimeofday.  */
| #define _doprnt innocuous__doprnt
| 
| /* System header to define __stub macros and hopefully few prototypes,
|     which can conflict with char _doprnt (); below.
|     Prefer <limits.h> to <assert.h> if __STDC__ is defined, since
|     <limits.h> exists even on freestanding compilers.  */
| 
| #ifdef __STDC__
| # include <limits.h>
| #else
| # include <assert.h>
| #endif
| 
| #undef _doprnt
| 
| /* Override any GCC internal prototype to avoid an error.
|    Use char because int might match the return type of a GCC
|    builtin and then its argument prototype would still apply.  */
| #ifdef __cplusplus
| extern "C"
| #endif
| char _doprnt ();
| /* The GNU C library defines this for functions which it implements
|     to always fail with ENOSYS.  Some functions are actually named
|     something starting with __ and the normal name is an alias.  */
| #if defined __stub__doprnt || defined __stub____doprnt
| choke me
| #endif
| 
| #ifdef F77_DUMMY_MAIN
| 
| #  ifdef __cplusplus
|      extern "C"
| #  endif
|    int F77_DUMMY_MAIN() { return 1; }
| 
| #endif
| int
| main ()
| {
| return _doprnt ();
|   ;
|   return 0;
| }
configure:22371: result: no
configure:22382: checking if malloc debugging is wanted
configure:22400: result: no
configure:22407: checking for strcasecmp
configure:22407: icc -o conftest -O3 -tpp7 -axW -ip -w -msse2 -funroll-all-loops -std=gnu99  -I/usr/local/include   conftest.c -lnsl  >&5
configure:22407: $? = 0
configure:22407: result: yes
configure:22418: checking for strdup
configure:22418: icc -o conftest -O3 -tpp7 -axW -ip -w -msse2 -funroll-all-loops -std=gnu99  -I/usr/local/include   conftest.c -lnsl  >&5
configure:22418: $? = 0
configure:22418: result: yes
configure:22428: checking for bool
configure:22428: icc -c -O3 -tpp7 -axW -ip -w -msse2 -funroll-all-loops -std=gnu99  -I/usr/local/include conftest.c >&5
conftest.c(83): error: identifier "bool" is undefined
  if (sizeof (bool))
              ^

configure:22428: $? = 2
configure: failed program was:
| /* confdefs.h */
| #define PACKAGE_NAME "xdrfile"
| #define PACKAGE_TARNAME "xdrfile"
| #define PACKAGE_VERSION "1.1.1"
| #define PACKAGE_STRING "xdrfile 1.1.1"
| #define PACKAGE_BUGREPORT "gmx-users@gromacs.org"
| #define PACKAGE_URL ""
| #define PACKAGE "xdrfile"
| #define VERSION "1.1.1"
| #define BUILD_TIME "Wed Jun 28 11:22:25 CDT 2017"
| #define BUILD_USER "cson@euler.wacc.wisc.edu"
| #define BUILD_MACHINE "Linux 3.10.0-514.10.2.el7.x86_64 x86_64"
| #define F77_OR_C_FUNC(name,NAME) name
| #define F77_OR_C_FUNC_(name,NAME) name
| #define STDC_HEADERS 1
| #define HAVE_SYS_TYPES_H 1
| #define HAVE_SYS_STAT_H 1
| #define HAVE_STDLIB_H 1
| #define HAVE_STRING_H 1
| #define HAVE_MEMORY_H 1
| #define HAVE_STRINGS_H 1
| #define HAVE_INTTYPES_H 1
| #define HAVE_STDINT_H 1
| #define HAVE_UNISTD_H 1
| #define SIZEOF_INT 4
| #define SIZEOF_LONG_INT 8
| #define SIZEOF_LONG_LONG_INT 8
| #define FLOAT_FORMAT_IEEE754 /**/
| #define HAVE_DLFCN_H 1
| #define HAVE_FSEEKO 1
| #define HAVE_RPC_RPC_H 1
| #define HAVE_RPC_XDR_H 1
| #define HAVE_LIBNSL 1
| #define RETSIGTYPE void
| #define HAVE_VPRINTF 1
| #define HAVE_STRCASECMP 1
| #define HAVE_STRDUP 1
| /* end confdefs.h.  */
| #include <stdio.h>
| #ifdef HAVE_SYS_TYPES_H
| # include <sys/types.h>
| #endif
| #ifdef HAVE_SYS_STAT_H
| # include <sys/stat.h>
| #endif
| #ifdef STDC_HEADERS
| # include <stdlib.h>
| # include <stddef.h>
| #else
| # ifdef HAVE_STDLIB_H
| #  include <stdlib.h>
| # endif
| #endif
| #ifdef HAVE_STRING_H
| # if !defined STDC_HEADERS && defined HAVE_MEMORY_H
| #  include <memory.h>
| # endif
| # include <string.h>
| #endif
| #ifdef HAVE_STRINGS_H
| # include <strings.h>
| #endif
| #ifdef HAVE_INTTYPES_H
| # include <inttypes.h>
| #endif
| #ifdef HAVE_STDINT_H
| # include <stdint.h>
| #endif
| #ifdef HAVE_UNISTD_H
| # include <unistd.h>
| #endif
| #ifdef F77_DUMMY_MAIN
| 
| #  ifdef __cplusplus
|      extern "C"
| #  endif
|    int F77_DUMMY_MAIN() { return 1; }
| 
| #endif
| int
| main ()
| {
| if (sizeof (bool))
| 	 return 0;
|   ;
|   return 0;
| }
configure:22428: result: no
configure:22469: checking limits.h usability
configure:22469: icc -c -O3 -tpp7 -axW -ip -w -msse2 -funroll-all-loops -std=gnu99  -I/usr/local/include conftest.c >&5
configure:22469: $? = 0
configure:22469: result: yes
configure:22469: checking limits.h presence
configure:22469: icc -E  -I/usr/local/include conftest.c
configure:22469: $? = 0
configure:22469: result: yes
configure:22469: checking for limits.h
configure:22469: result: yes
configure:22469: checking for strings.h
configure:22469: result: yes
configure:22469: checking for unistd.h
configure:22469: result: yes
configure:22484: checking for unistd.h
configure:22484: result: yes
configure:22497: checking for an ANSI C-conforming const
configure:22570: icc -c -O3 -tpp7 -axW -ip -w -msse2 -funroll-all-loops -std=gnu99  -I/usr/local/include conftest.c >&5
configure:22570: $? = 0
configure:22577: result: yes
configure:22585: checking for size_t
configure:22585: icc -c -O3 -tpp7 -axW -ip -w -msse2 -funroll-all-loops -std=gnu99  -I/usr/local/include conftest.c >&5
configure:22585: $? = 0
configure:22585: icc -c -O3 -tpp7 -axW -ip -w -msse2 -funroll-all-loops -std=gnu99  -I/usr/local/include conftest.c >&5
conftest.c(87): error: expected an expression
  if (sizeof ((size_t)))
                      ^

configure:22585: $? = 2
configure: failed program was:
| /* confdefs.h */
| #define PACKAGE_NAME "xdrfile"
| #define PACKAGE_TARNAME "xdrfile"
| #define PACKAGE_VERSION "1.1.1"
| #define PACKAGE_STRING "xdrfile 1.1.1"
| #define PACKAGE_BUGREPORT "gmx-users@gromacs.org"
| #define PACKAGE_URL ""
| #define PACKAGE "xdrfile"
| #define VERSION "1.1.1"
| #define BUILD_TIME "Wed Jun 28 11:22:25 CDT 2017"
| #define BUILD_USER "cson@euler.wacc.wisc.edu"
| #define BUILD_MACHINE "Linux 3.10.0-514.10.2.el7.x86_64 x86_64"
| #define F77_OR_C_FUNC(name,NAME) name
| #define F77_OR_C_FUNC_(name,NAME) name
| #define STDC_HEADERS 1
| #define HAVE_SYS_TYPES_H 1
| #define HAVE_SYS_STAT_H 1
| #define HAVE_STDLIB_H 1
| #define HAVE_STRING_H 1
| #define HAVE_MEMORY_H 1
| #define HAVE_STRINGS_H 1
| #define HAVE_INTTYPES_H 1
| #define HAVE_STDINT_H 1
| #define HAVE_UNISTD_H 1
| #define SIZEOF_INT 4
| #define SIZEOF_LONG_INT 8
| #define SIZEOF_LONG_LONG_INT 8
| #define FLOAT_FORMAT_IEEE754 /**/
| #define HAVE_DLFCN_H 1
| #define HAVE_FSEEKO 1
| #define HAVE_RPC_RPC_H 1
| #define HAVE_RPC_XDR_H 1
| #define HAVE_LIBNSL 1
| #define RETSIGTYPE void
| #define HAVE_VPRINTF 1
| #define HAVE_STRCASECMP 1
| #define HAVE_STRDUP 1
| #define HAVE_LIMITS_H 1
| #define HAVE_STRINGS_H 1
| #define HAVE_UNISTD_H 1
| #define HAVE_UNISTD_H 1
| /* end confdefs.h.  */
| #include <stdio.h>
| #ifdef HAVE_SYS_TYPES_H
| # include <sys/types.h>
| #endif
| #ifdef HAVE_SYS_STAT_H
| # include <sys/stat.h>
| #endif
| #ifdef STDC_HEADERS
| # include <stdlib.h>
| # include <stddef.h>
| #else
| # ifdef HAVE_STDLIB_H
| #  include <stdlib.h>
| # endif
| #endif
| #ifdef HAVE_STRING_H
| # if !defined STDC_HEADERS && defined HAVE_MEMORY_H
| #  include <memory.h>
| # endif
| # include <string.h>
| #endif
| #ifdef HAVE_STRINGS_H
| # include <strings.h>
| #endif
| #ifdef HAVE_INTTYPES_H
| # include <inttypes.h>
| #endif
| #ifdef HAVE_STDINT_H
| # include <stdint.h>
| #endif
| #ifdef HAVE_UNISTD_H
| # include <unistd.h>
| #endif
| #ifdef F77_DUMMY_MAIN
| 
| #  ifdef __cplusplus
|      extern "C"
| #  endif
|    int F77_DUMMY_MAIN() { return 1; }
| 
| #endif
| int
| main ()
| {
| if (sizeof ((size_t)))
| 	    return 0;
|   ;
|   return 0;
| }
configure:22585: result: yes
configure:22596: checking whether struct tm is in sys/time.h or time.h
configure:22624: icc -c -O3 -tpp7 -axW -ip -w -msse2 -funroll-all-loops -std=gnu99  -I/usr/local/include conftest.c >&5
configure:22624: $? = 0
configure:22631: result: time.h
configure:22639: checking for uid_t in sys/types.h
configure:22658: result: yes
configure:22669: checking for inline
configure:22685: icc -c -O3 -tpp7 -axW -ip -w -msse2 -funroll-all-loops -std=gnu99  -I/usr/local/include conftest.c >&5
configure:22685: $? = 0
configure:22693: result: inline
configure:22727: checking whether byte ordering is bigendian
configure:22981: result: no
configure:23281: creating ./config.status

## ---------------------- ##
## Running config.status. ##
## ---------------------- ##

This file was extended by xdrfile config.status 1.1.1, which was
generated by GNU Autoconf 2.65.  Invocation command line was

  CONFIG_FILES    = 
  CONFIG_HEADERS  = 
  CONFIG_LINKS    = 
  CONFIG_COMMANDS = 
  $ ./config.status 

on euler.wacc.wisc.edu

config.status:922: creating Makefile
config.status:922: creating include/Makefile
config.status:922: creating src/Makefile
config.status:922: creating src/python/Makefile
config.status:922: creating config.h
config.status:1142: executing depfiles commands

## ---------------- ##
## Cache variables. ##
## ---------------- ##

ac_cv_build=x86_64-unknown-linux-gnu
ac_cv_c_bigendian=no
ac_cv_c_compiler_gnu=no
ac_cv_c_const=yes
ac_cv_c_inline=inline
ac_cv_cxx_compiler_gnu=yes
ac_cv_env_CCASFLAGS_set=
ac_cv_env_CCASFLAGS_value=
ac_cv_env_CCAS_set=
ac_cv_env_CCAS_value=
ac_cv_env_CCC_set=
ac_cv_env_CCC_value=
ac_cv_env_CC_set=set
ac_cv_env_CC_value=icc
ac_cv_env_CFLAGS_set=
ac_cv_env_CFLAGS_value=
ac_cv_env_CPPFLAGS_set=
ac_cv_env_CPPFLAGS_value=
ac_cv_env_CPP_set=
ac_cv_env_CPP_value=
ac_cv_env_CXXCPP_set=
ac_cv_env_CXXCPP_value=
ac_cv_env_CXXFLAGS_set=
ac_cv_env_CXXFLAGS_value=
ac_cv_env_CXX_set=
ac_cv_env_CXX_value=
ac_cv_env_F77_set=
ac_cv_env_F77_value=
ac_cv_env_FFLAGS_set=
ac_cv_env_FFLAGS_value=
ac_cv_env_LDFLAGS_set=
ac_cv_env_LDFLAGS_value=
ac_cv_env_LIBS_set=
ac_cv_env_LIBS_value=
ac_cv_env_build_alias_set=
ac_cv_env_build_alias_value=
ac_cv_env_host_alias_set=
ac_cv_env_host_alias_value=
ac_cv_env_target_alias_set=
ac_cv_env_target_alias_value=
ac_cv_func__doprnt=no
ac_cv_func_memcmp_working=yes
ac_cv_func_strcasecmp=yes
ac_cv_func_strdup=yes
ac_cv_func_vprintf=yes
ac_cv_header_dlfcn_h=yes
ac_cv_header_inttypes_h=yes
ac_cv_header_limits_h=yes
ac_cv_header_memory_h=yes
ac_cv_header_rpc_rpc_h=yes
ac_cv_header_rpc_xdr_h=yes
ac_cv_header_stdc=yes
ac_cv_header_stdint_h=yes
ac_cv_header_stdlib_h=yes
ac_cv_header_string_h=yes
ac_cv_header_strings_h=yes
ac_cv_header_sys_stat_h=yes
ac_cv_header_sys_types_h=yes
ac_cv_header_unistd_h=yes
ac_cv_host=x86_64-unknown-linux-gnu
ac_cv_lib_nsl_xdr_float=yes
ac_cv_objext=o
ac_cv_path_EGREP='/usr/bin/grep -E'
ac_cv_path_GREP=/usr/bin/grep
ac_cv_path_install='/usr/bin/install -c'
ac_cv_path_mkdir=/usr/bin/mkdir
ac_cv_prog_AWK=gawk
ac_cv_prog_CPP='icc -E'
ac_cv_prog_CXXCPP='g++ -E'
ac_cv_prog_ac_ct_AR=ar
ac_cv_prog_ac_ct_CXX=g++
ac_cv_prog_ac_ct_RANLIB=ranlib
ac_cv_prog_ac_ct_STRIP=strip
ac_cv_prog_cc_c89=
ac_cv_prog_cc_g=yes
ac_cv_prog_cxx_g=yes
ac_cv_prog_make_make_set=yes
ac_cv_sizeof_int=4
ac_cv_sizeof_long_int=8
ac_cv_sizeof_long_long_int=8
ac_cv_struct_tm=time.h
ac_cv_sys_file_offset_bits=no
ac_cv_sys_largefile_CC=no
ac_cv_sys_largefile_source=no
ac_cv_type_bool=no
ac_cv_type_signal=void
ac_cv_type_size_t=yes
ac_cv_type_uid_t=yes
am_cv_CCAS_dependencies_compiler_type=gcc3
am_cv_CC_dependencies_compiler_type=gcc3
am_cv_CXX_dependencies_compiler_type=gcc3
am_cv_prog_tar_ustar=pax
lt_cv_deplibs_check_method=pass_all
lt_cv_file_magic_cmd='$MAGIC_CMD'
lt_cv_file_magic_test_file=
lt_cv_ld_reload_flag=-r
lt_cv_objdir=.libs
lt_cv_path_LD=/usr/bin/ld
lt_cv_path_LDCXX='/usr/bin/ld -m elf_x86_64'
lt_cv_path_NM='/usr/bin/nm -B'
lt_cv_path_SED=/usr/bin/sed
lt_cv_prog_compiler_c_o=yes
lt_cv_prog_compiler_c_o_CXX=yes
lt_cv_prog_compiler_rtti_exceptions=yes
lt_cv_prog_gnu_ld=yes
lt_cv_prog_gnu_ldcxx=yes
lt_cv_sys_global_symbol_pipe='sed -n -e '\''s/^.*[ 	]\([ABCDGIRSTW][ABCDGIRSTW]*\)[ 	][ 	]*\([_A-Za-z][_A-Za-z0-9]*\)$/\1 \2 \2/p'\'''
lt_cv_sys_global_symbol_to_c_name_address='sed -n -e '\''s/^: \([^ ]*\) $/  {\"\1\", (lt_ptr) 0},/p'\'' -e '\''s/^[BCDEGRST] \([^ ]*\) \([^ ]*\)$/  {"\2", (lt_ptr) \&\2},/p'\'''
lt_cv_sys_global_symbol_to_cdecl='sed -n -e '\''s/^. .* \(.*\)$/extern int \1;/p'\'''
lt_cv_sys_max_cmd_len=32768
lt_lt_cv_prog_compiler_c_o='"yes"'
lt_lt_cv_prog_compiler_c_o_CXX='"yes"'
lt_lt_cv_sys_global_symbol_pipe='"sed -n -e '\''s/^.*[ 	]\\([ABCDGIRSTW][ABCDGIRSTW]*\\)[ 	][ 	]*\\([_A-Za-z][_A-Za-z0-9]*\\)\$/\\1 \\2 \\2/p'\''"'
lt_lt_cv_sys_global_symbol_to_c_name_address='"sed -n -e '\''s/^: \\([^ ]*\\) \$/  {\\\"\\1\\\", (lt_ptr) 0},/p'\'' -e '\''s/^[BCDEGRST] \\([^ ]*\\) \\([^ ]*\\)\$/  {\"\\2\", (lt_ptr) \\&\\2},/p'\''"'
lt_lt_cv_sys_global_symbol_to_cdecl='"sed -n -e '\''s/^. .* \\(.*\\)\$/extern int \\1;/p'\''"'

## ----------------- ##
## Output variables. ##
## ----------------- ##

ACLOCAL='${SHELL} /srv/home/cson/program/utility/trj_analysis/gmx_xtc/xdrfile-1.1.1/config/missing --run aclocal-1.11'
AMDEPBACKSLASH='\'
AMDEP_FALSE='#'
AMDEP_TRUE=''
AMTAR='${SHELL} /srv/home/cson/program/utility/trj_analysis/gmx_xtc/xdrfile-1.1.1/config/missing --run tar'
AR='ar'
AS='icc'
ASFLAGS='-O3 -tpp7 -axW -ip -w'
AUTOCONF='${SHELL} /srv/home/cson/program/utility/trj_analysis/gmx_xtc/xdrfile-1.1.1/config/missing --run autoconf'
AUTOHEADER='${SHELL} /srv/home/cson/program/utility/trj_analysis/gmx_xtc/xdrfile-1.1.1/config/missing --run autoheader'
AUTOMAKE='${SHELL} /srv/home/cson/program/utility/trj_analysis/gmx_xtc/xdrfile-1.1.1/config/missing --run automake-1.11'
AWK='gawk'
CC='icc'
CCAS='icc'
CCASDEPMODE='depmode=gcc3'
CCASFLAGS='-O3 -tpp7 -axW -ip -w -msse2 -funroll-all-loops -std=gnu99'
CCDEPMODE='depmode=gcc3'
CC_FOR_BUILD='icc'
CFLAGS='-O3 -tpp7 -axW -ip -w -msse2 -funroll-all-loops -std=gnu99'
CPP='icc -E'
CPPFLAGS=' -I/usr/local/include'
CXX='g++'
CXXCPP='g++ -E'
CXXDEPMODE='depmode=gcc3'
CXXFLAGS='-g -O2'
CYGPATH_W='echo'
DEFS='-DHAVE_CONFIG_H'
DEPDIR='.deps'
DLLTOOL='dlltool'
ECHO='echo'
ECHO_C=''
ECHO_N='-n'
ECHO_T=''
EGREP='/usr/bin/grep -E'
EXEEXT=''
F77=''
F77LINK='$(LINK)'
FFLAGS=''
FLIBS=''
GMXANA_LIBOBJS=''
GMXLIB_LIBOBJS=''
GMX_FORTRAN_FALSE=''
GMX_FORTRAN_TRUE='#'
GREP='/usr/bin/grep'
INCLUDES=''
INSTALL_DATA='${INSTALL} -m 644'
INSTALL_PROGRAM='${INSTALL}'
INSTALL_SCRIPT='${INSTALL}'
INSTALL_STRIP_PROGRAM='$(install_sh) -c -s'
LDFLAGS='  '
LIBOBJS=''
LIBS='-lnsl  '
LIBSUFFIX=''
LIBTOOL='$(SHELL) $(top_builddir)/libtool'
LN_S='ln -s'
LTLIBOBJS=''
MAKEINFO='${SHELL} /srv/home/cson/program/utility/trj_analysis/gmx_xtc/xdrfile-1.1.1/config/missing --run makeinfo'
MDLIB_LIBOBJS=''
MKDIR_P='/usr/bin/mkdir -p'
MPICC=''
OBJDUMP='objdump'
OBJEXT='o'
PACKAGE='xdrfile'
PACKAGE_BUGREPORT='gmx-users@gromacs.org'
PACKAGE_NAME='xdrfile'
PACKAGE_STRING='xdrfile 1.1.1'
PACKAGE_TARNAME='xdrfile'
PACKAGE_URL=''
PACKAGE_VERSION='1.1.1'
PATH_SEPARATOR=':'
RANLIB='ranlib'
RPM='rpm'
SET_MAKE=''
SHARED_VERSION_INFO='4:0:0'
SHELL='/bin/sh'
STRIP='strip'
VERSION='1.1.1'
ac_ct_CC=''
ac_ct_CXX='g++'
ac_ct_F77=''
am__EXEEXT_FALSE=''
am__EXEEXT_TRUE='#'
am__fastdepCCAS_FALSE='#'
am__fastdepCCAS_TRUE=''
am__fastdepCC_FALSE='#'
am__fastdepCC_TRUE=''
am__fastdepCXX_FALSE='#'
am__fastdepCXX_TRUE=''
am__include='include'
am__isrc=''
am__leading_dot='.'
am__quote=''
am__tar='pax -L -x ustar -w "$$tardir"'
am__untar='pax -r'
bindir='${exec_prefix}/bin'
build='x86_64-unknown-linux-gnu'
build_alias=''
build_cpu='x86_64'
build_os='linux-gnu'
build_vendor='unknown'
datadir='${datarootdir}'
datarootdir='${prefix}/share'
docdir='${datarootdir}/doc/${PACKAGE_TARNAME}'
dvidir='${docdir}'
exec_prefix='${prefix}'
host='x86_64-unknown-linux-gnu'
host_alias=''
host_cpu='x86_64'
host_os='linux-gnu'
host_vendor='unknown'
htmldir='${docdir}'
includedir='${prefix}/include'
infodir='${datarootdir}/info'
install_sh='${SHELL} /srv/home/cson/program/utility/trj_analysis/gmx_xtc/xdrfile-1.1.1/config/install-sh'
libdir='${exec_prefix}/lib'
libexecdir='${exec_prefix}/libexec'
localedir='${datarootdir}/locale'
localstatedir='${prefix}/var'
mandir='${datarootdir}/man'
mkdir_p='/usr/bin/mkdir -p'
oldincludedir='/usr/include'
pdfdir='${docdir}'
prefix='/srv/home/cson/program/utility/trj_analysis/gmx_xtc'
program_transform_name='s,x,x,'
psdir='${docdir}'
sbindir='${exec_prefix}/sbin'
sharedstatedir='${prefix}/com'
sysconfdir='${prefix}/etc'
target_alias=''

## ----------- ##
## confdefs.h. ##
## ----------- ##

/* confdefs.h */
#define PACKAGE_NAME "xdrfile"
#define PACKAGE_TARNAME "xdrfile"
#define PACKAGE_VERSION "1.1.1"
#define PACKAGE_STRING "xdrfile 1.1.1"
#define PACKAGE_BUGREPORT "gmx-users@gromacs.org"
#define PACKAGE_URL ""
#define PACKAGE "xdrfile"
#define VERSION "1.1.1"
#define BUILD_TIME "Wed Jun 28 11:22:25 CDT 2017"
#define BUILD_USER "cson@euler.wacc.wisc.edu"
#define BUILD_MACHINE "Linux 3.10.0-514.10.2.el7.x86_64 x86_64"
#define F77_OR_C_FUNC(name,NAME) name
#define F77_OR_C_FUNC_(name,NAME) name
#define STDC_HEADERS 1
#define HAVE_SYS_TYPES_H 1
#define HAVE_SYS_STAT_H 1
#define HAVE_STDLIB_H 1
#define HAVE_STRING_H 1
#define HAVE_MEMORY_H 1
#define HAVE_STRINGS_H 1
#define HAVE_INTTYPES_H 1
#define HAVE_STDINT_H 1
#define HAVE_UNISTD_H 1
#define SIZEOF_INT 4
#define SIZEOF_LONG_INT 8
#define SIZEOF_LONG_LONG_INT 8
#define FLOAT_FORMAT_IEEE754 /**/
#define HAVE_DLFCN_H 1
#define HAVE_FSEEKO 1
#define HAVE_RPC_RPC_H 1
#define HAVE_RPC_XDR_H 1
#define HAVE_LIBNSL 1
#define RETSIGTYPE void
#define HAVE_VPRINTF 1
#define HAVE_STRCASECMP 1
#define HAVE_STRDUP 1
#define HAVE_LIMITS_H 1
#define HAVE_STRINGS_H 1
#define HAVE_UNISTD_H 1
#define HAVE_UNISTD_H 1

configure: exit 0
