

*******************************************************************************
Thu Mar 12 03:10:19 2015


FIT:    data read from 'corr_IP.dat' u 1:2
	x range restricted to [0.00000 : 2000.00]
        #datapoints = 2000
        residuals are weighted equally (unit weight)

function used for fitting: f(x)
fitted parameters initialized with current variable values



 Iteration 0
 WSSR        : 10.1322           delta(WSSR)/WSSR   : 0
 delta(WSSR) : 0                 limit for stopping : 1e-05
 lambda	  : 0.00992245

initial set of free parameter values

a1              = 1
a2              = 1
a3              = 1
a4              = 1
b1              = 1
b2              = 1
b3              = 1
b4              = 1
BREAK:          Undefined value during function evaluation



*******************************************************************************
Thu Mar 12 03:11:27 2015


FIT:    data read from 'corr_IP.dat' u 1:2
	x range restricted to [0.00000 : 2000.00]
        #datapoints = 2000
        residuals are weighted equally (unit weight)

function used for fitting: f(x)
fitted parameters initialized with current variable values



 Iteration 0
 WSSR        : 11.4053           delta(WSSR)/WSSR   : 0
 delta(WSSR) : 0                 limit for stopping : 1e-05
 lambda	  : 0.00243253

initial set of free parameter values

a1              = 0.0962352
a2              = 0.0962353
b1              = 1.88183
b2              = 1.89488
BREAK:          Undefined value during function evaluation



*******************************************************************************
Thu Mar 12 03:12:38 2015


FIT:    data read from 'corr_IP.dat' u 1:2
        #datapoints = 10001
        residuals are weighted equally (unit weight)

function used for fitting: f(x)
fitted parameters initialized with current variable values

BREAK:          Undefined value during function evaluation



*******************************************************************************
Thu Mar 12 03:12:48 2015


FIT:    data read from 'corr_IP.dat' u 1:2
        #datapoints = 10001
        residuals are weighted equally (unit weight)

function used for fitting: f(x)
fitted parameters initialized with current variable values

BREAK:          Undefined value during function evaluation



*******************************************************************************
Thu Mar 12 03:13:01 2015


FIT:    data read from 'corr_IP.dat' u 1:2
        #datapoints = 10001
        residuals are weighted equally (unit weight)

function used for fitting: f(x)
fitted parameters initialized with current variable values

BREAK:          Undefined value during function evaluation



*******************************************************************************
Thu Mar 12 03:13:17 2015


FIT:    data read from 'corr_IP.dat' u 1:2
        #datapoints = 10001
        residuals are weighted equally (unit weight)

function used for fitting: f(x)
fitted parameters initialized with current variable values

BREAK:          Undefined value during function evaluation



*******************************************************************************
Thu Mar 12 03:13:29 2015


FIT:    data read from 'corr_IP.dat' u 1:2
        #datapoints = 10001
        residuals are weighted equally (unit weight)

function used for fitting: f(x)
fitted parameters initialized with current variable values

BREAK:          Undefined value during function evaluation



*******************************************************************************
Thu Mar 12 03:14:04 2015


FIT:    data read from 'corr_IP.dat' u 1:2
        #datapoints = 10001
        residuals are weighted equally (unit weight)

function used for fitting: f(x)
fitted parameters initialized with current variable values



 Iteration 0
 WSSR        : 10.8752           delta(WSSR)/WSSR   : 0
 delta(WSSR) : 0                 limit for stopping : 1e-05
 lambda	  : 0.00487113

initial set of free parameter values

b1              = 1
BREAK:          Undefined value during function evaluation



*******************************************************************************
Thu Mar 12 03:14:57 2015


FIT:    data read from 'corr_IP.dat' u ($1-1):2
        #datapoints = 10001
        residuals are weighted equally (unit weight)

function used for fitting: f(x)
fitted parameters initialized with current variable values

BREAK:          Undefined value during function evaluation



*******************************************************************************
Thu Mar 12 03:16:30 2015


FIT:    data read from 'corr_IP.dat' u ($1-1):2
	x range restricted to [0.00000 : 2000.00]
        #datapoints = 2001
        residuals are weighted equally (unit weight)

function used for fitting: f(x)
fitted parameters initialized with current variable values

BREAK:          Undefined value during function evaluation



*******************************************************************************
Thu Mar 12 03:16:42 2015


FIT:    data read from 'corr_IP.dat' u 1:2
	x range restricted to [0.00000 : 2000.00]
        #datapoints = 2000
        residuals are weighted equally (unit weight)

function used for fitting: f(x)
fitted parameters initialized with current variable values

BREAK:          Undefined value during function evaluation



*******************************************************************************
Thu Mar 12 03:17:12 2015


FIT:    data read from 'corr_IP.dat' u ($1-1):2
	x range restricted to [0.00000 : 2000.00]
        #datapoints = 2001
        residuals are weighted equally (unit weight)

function used for fitting: f(x)
fitted parameters initialized with current variable values



 Iteration 0
 WSSR        : 10.015            delta(WSSR)/WSSR   : 0
 delta(WSSR) : 0                 limit for stopping : 1e-05
 lambda	  : 0.01089

initial set of free parameter values

b1              = 1

After 14 iterations the fit converged.
final sum of squares of residuals : 5.49444
rel. change during last iteration : -4.83056e-06

degrees of freedom    (FIT_NDF)                        : 2000
rms of residuals      (FIT_STDFIT) = sqrt(WSSR/ndf)    : 0.0524139
variance of residuals (reduced chisquare) = WSSR/ndf   : 0.00274722

Final set of parameters            Asymptotic Standard Error
=======================            ==========================

b1              = 0.0366269        +/- 0.0007354    (2.008%)


correlation matrix of the fit parameters:

               b1     
b1              1.000 


*******************************************************************************
Thu Mar 12 03:18:35 2015


FIT:    data read from 'corr_IP.dat' u ($1-1):2
	x range restricted to [0.00000 : 2000.00]
        #datapoints = 2001
        residuals are weighted equally (unit weight)

function used for fitting: f(x)
fitted parameters initialized with current variable values



 Iteration 0
 WSSR        : 4.70105           delta(WSSR)/WSSR   : 0
 delta(WSSR) : 0                 limit for stopping : 1e-05
 lambda	  : 0.462188

initial set of free parameter values

a2              = 0.5
b1              = 0.0366269
b2              = 1

After 18 iterations the fit converged.
final sum of squares of residuals : 0.497439
rel. change during last iteration : -7.59571e-06

degrees of freedom    (FIT_NDF)                        : 1998
rms of residuals      (FIT_STDFIT) = sqrt(WSSR/ndf)    : 0.0157787
variance of residuals (reduced chisquare) = WSSR/ndf   : 0.000248969

Final set of parameters            Asymptotic Standard Error
=======================            ==========================

a2              = 0.702383         +/- 0.002431     (0.3461%)
b1              = 0.00488959       +/- 5.386e-05    (1.102%)
b2              = 0.379925         +/- 0.01116      (2.938%)


correlation matrix of the fit parameters:

               a2     b1     b2     
a2              1.000 
b1             -0.739  1.000 
b2             -0.330  0.237  1.000 


*******************************************************************************
Thu Mar 12 03:18:58 2015


FIT:    data read from 'corr_IP.dat' u ($1-1):2
	x range restricted to [0.00000 : 2000.00]
        #datapoints = 2001
        residuals are weighted equally (unit weight)

function used for fitting: f(x)
fitted parameters initialized with current variable values



 Iteration 0
 WSSR        : 0.497439          delta(WSSR)/WSSR   : 0
 delta(WSSR) : 0                 limit for stopping : 1e-05
 lambda	  : 5.61467

initial set of free parameter values

a2              = 0.702383
b1              = 0.00488959
b2              = 0.379925

After 1 iterations the fit converged.
final sum of squares of residuals : 0.497439
rel. change during last iteration : -6.10677e-07

degrees of freedom    (FIT_NDF)                        : 1998
rms of residuals      (FIT_STDFIT) = sqrt(WSSR/ndf)    : 0.0157787
variance of residuals (reduced chisquare) = WSSR/ndf   : 0.000248968

Final set of parameters            Asymptotic Standard Error
=======================            ==========================

a2              = 0.7024           +/- 0.002431     (0.3461%)
b1              = 0.00488892       +/- 5.386e-05    (1.102%)
b2              = 0.379887         +/- 0.01116      (2.938%)


correlation matrix of the fit parameters:

               a2     b1     b2     
a2              1.000 
b1             -0.739  1.000 
b2             -0.330  0.237  1.000 


*******************************************************************************
Thu Mar 12 03:21:27 2015


FIT:    data read from 'corr_IP.dat' u ($1-1):2
	x range restricted to [0.00000 : 2000.00]
        #datapoints = 2001
        residuals are weighted equally (unit weight)

function used for fitting: f(x)
fitted parameters initialized with current variable values



 Iteration 0
 WSSR        : 208.62            delta(WSSR)/WSSR   : 0
 delta(WSSR) : 0                 limit for stopping : 1e-05
 lambda	  : 86.7838

initial set of free parameter values

b1              = 0.01
b2              = 0.001
b3              = 0.0005
a2              = 0.3
a3              = 0.3

After 15 iterations the fit converged.
final sum of squares of residuals : 0.0411641
rel. change during last iteration : -1.59221e-06

degrees of freedom    (FIT_NDF)                        : 1996
rms of residuals      (FIT_STDFIT) = sqrt(WSSR/ndf)    : 0.00454129
variance of residuals (reduced chisquare) = WSSR/ndf   : 2.06233e-05

Final set of parameters            Asymptotic Standard Error
=======================            ==========================

b1              = 1.55444          +/- 0.03883      (2.498%)
b2              = 0.0202247        +/- 0.0001902    (0.9404%)
b3              = 0.00226878       +/- 1.649e-05    (0.7269%)
a2              = 0.322311         +/- 0.001541     (0.478%)
a3              = 0.134309         +/- 0.001053     (0.7839%)


correlation matrix of the fit parameters:

               b1     b2     b3     a2     a3     
b1              1.000 
b2              0.249  1.000 
b3              0.085  0.605  1.000 
a2              0.283  0.187 -0.359  1.000 
a3              0.114  0.758  0.889 -0.351  1.000 


*******************************************************************************
Thu Mar 12 03:22:07 2015


FIT:    data read from 'corr_IP.dat' u ($1-1):2
	x range restricted to [0.00000 : 2000.00]
        #datapoints = 2001
        residuals are weighted equally (unit weight)

function used for fitting: f(x)
fitted parameters initialized with current variable values



 Iteration 0
 WSSR        : 22.9651           delta(WSSR)/WSSR   : 0
 delta(WSSR) : 0                 limit for stopping : 1e-05
 lambda	  : 68.337

initial set of free parameter values

b1              = 1.55444
b2              = 0.0202247
b3              = 1e-05
a2              = 0.322311
a3              = 0.134309

After 12 iterations the fit converged.
final sum of squares of residuals : 0.0411642
rel. change during last iteration : -5.55979e-06

degrees of freedom    (FIT_NDF)                        : 1996
rms of residuals      (FIT_STDFIT) = sqrt(WSSR/ndf)    : 0.00454129
variance of residuals (reduced chisquare) = WSSR/ndf   : 2.06233e-05

Final set of parameters            Asymptotic Standard Error
=======================            ==========================

b1              = 1.5539           +/- 0.0388       (2.497%)
b2              = 0.0202176        +/- 0.0001901    (0.9403%)
b3              = 0.00226822       +/- 1.649e-05    (0.7271%)
a2              = 0.322311         +/- 0.00154      (0.4779%)
a3              = 0.134272         +/- 0.001053     (0.7841%)


correlation matrix of the fit parameters:

               b1     b2     b3     a2     a3     
b1              1.000 
b2              0.249  1.000 
b3              0.085  0.605  1.000 
a2              0.283  0.187 -0.359  1.000 
a3              0.114  0.758  0.889 -0.351  1.000 


*******************************************************************************
Thu Mar 12 03:26:16 2015


FIT:    data read from 'corr_IP.dat' u ($1-1):($2-0.005)
	x range restricted to [0.00000 : 2000.00]
        #datapoints = 2001
        residuals are weighted equally (unit weight)

function used for fitting: f(x)
fitted parameters initialized with current variable values



 Iteration 0
 WSSR        : 0.0624342         delta(WSSR)/WSSR   : 0
 delta(WSSR) : 0                 limit for stopping : 1e-05
 lambda	  : 6.21764

initial set of free parameter values

b1              = 1.5539
b2              = 0.0202176
b3              = 0.00226822
a2              = 0.322311
a3              = 0.134272

After 8 iterations the fit converged.
final sum of squares of residuals : 0.015319
rel. change during last iteration : -1.78254e-06

degrees of freedom    (FIT_NDF)                        : 1996
rms of residuals      (FIT_STDFIT) = sqrt(WSSR/ndf)    : 0.00277035
variance of residuals (reduced chisquare) = WSSR/ndf   : 7.67486e-06

Final set of parameters            Asymptotic Standard Error
=======================            ==========================

b1              = 1.77884          +/- 0.03164      (1.779%)
b2              = 0.0251199        +/- 0.0001756    (0.6989%)
b3              = 0.00303565       +/- 1.325e-05    (0.4366%)
a2              = 0.306472         +/- 0.00108      (0.3524%)
a3              = 0.162209         +/- 0.0007893    (0.4866%)


correlation matrix of the fit parameters:

               b1     b2     b3     a2     a3     
b1              1.000 
b2              0.264  1.000 
b3              0.093  0.621  1.000 
a2              0.287  0.134 -0.399  1.000 
a3              0.125  0.773  0.894 -0.391  1.000 


*******************************************************************************
Thu Mar 12 03:26:43 2015


FIT:    data read from 'corr_IP.dat' u ($1-1):2
	x range restricted to [0.00000 : 2000.00]
        #datapoints = 2001
        residuals are weighted equally (unit weight)

function used for fitting: f(x)
fitted parameters initialized with current variable values



 Iteration 0
 WSSR        : 0.0844238         delta(WSSR)/WSSR   : 0
 delta(WSSR) : 0                 limit for stopping : 1e-05
 lambda	  : 4.86033

initial set of free parameter values

b1              = 1.77884
b2              = 0.0251199
b3              = 0.00303565
a2              = 0.306472
a3              = 0.162209

After 9 iterations the fit converged.
final sum of squares of residuals : 0.0411644
rel. change during last iteration : -8.24964e-06

degrees of freedom    (FIT_NDF)                        : 1996
rms of residuals      (FIT_STDFIT) = sqrt(WSSR/ndf)    : 0.0045413
variance of residuals (reduced chisquare) = WSSR/ndf   : 2.06234e-05

Final set of parameters            Asymptotic Standard Error
=======================            ==========================

b1              = 1.55723          +/- 0.03897      (2.503%)
b2              = 0.0202525        +/- 0.0001905    (0.9408%)
b3              = 0.00227087       +/- 1.649e-05    (0.7263%)
a2              = 0.322321         +/- 0.001541     (0.4782%)
a3              = 0.134453         +/- 0.001053     (0.7831%)


correlation matrix of the fit parameters:

               b1     b2     b3     a2     a3     
b1              1.000 
b2              0.249  1.000 
b3              0.085  0.605  1.000 
a2              0.283  0.188 -0.359  1.000 
a3              0.114  0.758  0.889 -0.351  1.000 


*******************************************************************************
Thu Mar 12 03:27:43 2015


FIT:    data read from 'corr_IP.dat' u ($1-1):($2-0.005)
	x range restricted to [0.00000 : 2000.00]
        #datapoints = 2001
        residuals are weighted equally (unit weight)

function used for fitting: f(x)
fitted parameters initialized with current variable values



 Iteration 0
 WSSR        : 0.0622936         delta(WSSR)/WSSR   : 0
 delta(WSSR) : 0                 limit for stopping : 1e-05
 lambda	  : 6.21515

initial set of free parameter values

b1              = 1.55723
b2              = 0.0202525
b3              = 0.00227087
a2              = 0.322321
a3              = 0.134453

After 8 iterations the fit converged.
final sum of squares of residuals : 0.015319
rel. change during last iteration : -1.71287e-06

degrees of freedom    (FIT_NDF)                        : 1996
rms of residuals      (FIT_STDFIT) = sqrt(WSSR/ndf)    : 0.00277035
variance of residuals (reduced chisquare) = WSSR/ndf   : 7.67486e-06

Final set of parameters            Asymptotic Standard Error
=======================            ==========================

b1              = 1.77885          +/- 0.03164      (1.779%)
b2              = 0.02512          +/- 0.0001756    (0.6989%)
b3              = 0.00303565       +/- 1.325e-05    (0.4366%)
a2              = 0.306472         +/- 0.00108      (0.3524%)
a3              = 0.162209         +/- 0.0007893    (0.4866%)


correlation matrix of the fit parameters:

               b1     b2     b3     a2     a3     
b1              1.000 
b2              0.264  1.000 
b3              0.093  0.621  1.000 
a2              0.287  0.134 -0.399  1.000 
a3              0.125  0.773  0.894 -0.391  1.000 


*******************************************************************************
Thu Mar 12 03:28:32 2015


FIT:    data read from 'corr_IP.dat' u ($1-1):2
	x range restricted to [0.00000 : 2000.00]
        #datapoints = 2001
        residuals are weighted equally (unit weight)

function used for fitting: f(x)
fitted parameters initialized with current variable values



 Iteration 0
 WSSR        : 0.084424          delta(WSSR)/WSSR   : 0
 delta(WSSR) : 0                 limit for stopping : 1e-05
 lambda	  : 4.86033

initial set of free parameter values

b1              = 1.77885
b2              = 0.02512
b3              = 0.00303565
a2              = 0.306472
a3              = 0.162209

After 9 iterations the fit converged.
final sum of squares of residuals : 0.0411644
rel. change during last iteration : -8.24989e-06

degrees of freedom    (FIT_NDF)                        : 1996
rms of residuals      (FIT_STDFIT) = sqrt(WSSR/ndf)    : 0.0045413
variance of residuals (reduced chisquare) = WSSR/ndf   : 2.06234e-05

Final set of parameters            Asymptotic Standard Error
=======================            ==========================

b1              = 1.55723          +/- 0.03897      (2.503%)
b2              = 0.0202525        +/- 0.0001905    (0.9408%)
b3              = 0.00227087       +/- 1.649e-05    (0.7263%)
a2              = 0.322321         +/- 0.001541     (0.4782%)
a3              = 0.134453         +/- 0.001053     (0.7831%)


correlation matrix of the fit parameters:

               b1     b2     b3     a2     a3     
b1              1.000 
b2              0.249  1.000 
b3              0.085  0.605  1.000 
a2              0.283  0.188 -0.359  1.000 
a3              0.114  0.758  0.889 -0.351  1.000 


*******************************************************************************
Thu Mar 12 03:29:22 2015


FIT:    data read from 'corr_IP.dat' u ($1-1):($2-0.005)
	x range restricted to [0.00000 : 2000.00]
        #datapoints = 2001
        residuals are weighted equally (unit weight)

function used for fitting: f(x)
fitted parameters initialized with current variable values



*******************************************************************************
Thu Mar 12 03:29:32 2015


FIT:    data read from 'corr_IP.dat' u ($1-1):($2-0.005)
	x range restricted to [0.00000 : 2000.00]
        #datapoints = 2001
        residuals are weighted equally (unit weight)

function used for fitting: f(x)
fitted parameters initialized with current variable values



 Iteration 0
 WSSR        : 2.04627           delta(WSSR)/WSSR   : 0
 delta(WSSR) : 0                 limit for stopping : 1e-05
 lambda	  : 6.21515

initial set of free parameter values

b1              = 1.55723
b2              = 0.0202525
b3              = 0.00227087
a2              = 0.322321
a3              = 0.134453

After 7 iterations the fit converged.
final sum of squares of residuals : 0.0152959
rel. change during last iteration : -4.20362e-06

degrees of freedom    (FIT_NDF)                        : 1996
rms of residuals      (FIT_STDFIT) = sqrt(WSSR/ndf)    : 0.00276826
variance of residuals (reduced chisquare) = WSSR/ndf   : 7.66328e-06

Final set of parameters            Asymptotic Standard Error
=======================            ==========================

b1              = 1.78898          +/- 0.03205      (1.791%)
b2              = 0.0253606        +/- 0.000181     (0.7138%)
b3              = 0.00315736       +/- 3.638e-05    (1.152%)
a2              = 0.305851         +/- 0.001097     (0.3586%)
a3              = 0.0635695        +/- 0.0008266    (1.3%)


correlation matrix of the fit parameters:

               b1     b2     b3     a2     a3     
b1              1.000 
b2              0.264  1.000 
b3              0.095  0.628  1.000 
a2              0.281  0.105 -0.420  1.000 
a3              0.127  0.779  0.897 -0.413  1.000 


*******************************************************************************
Thu Mar 12 03:29:50 2015


FIT:    data read from 'corr_IP.dat' u ($1-1):($2-0.005)
	x range restricted to [0.00000 : 2000.00]
        #datapoints = 2001
        residuals are weighted equally (unit weight)

function used for fitting: f(x)
fitted parameters initialized with current variable values



 Iteration 0
 WSSR        : 0.0152959         delta(WSSR)/WSSR   : 0
 delta(WSSR) : 0                 limit for stopping : 1e-05
 lambda	  : 3.00185

initial set of free parameter values

b1              = 1.78898
b2              = 0.0253606
b3              = 0.00315736
b4              = 0.003
a2              = 0.305851
a3              = 0.0635695
a4              = 0.1

After 15 iterations the fit converged.
final sum of squares of residuals : 0.00225434
rel. change during last iteration : -8.27031e-06

degrees of freedom    (FIT_NDF)                        : 1994
rms of residuals      (FIT_STDFIT) = sqrt(WSSR/ndf)    : 0.00106328
variance of residuals (reduced chisquare) = WSSR/ndf   : 1.13056e-06

Final set of parameters            Asymptotic Standard Error
=======================            ==========================

b1              = 2.34513          +/- 0.02541      (1.084%)
b2              = 0.0475943        +/- 0.0004184    (0.879%)
b3              = 0.00951567       +/- 9.854e-05    (1.036%)
b4              = 0.00230818       +/- 1.101e-05    (0.4768%)
a2              = 0.224482         +/- 0.001311     (0.5841%)
a3              = 0.177197         +/- 0.001075     (0.6066%)
a4              = 0.102178         +/- 0.0008728    (0.8542%)


correlation matrix of the fit parameters:

               b1     b2     b3     b4     a2     a3     a4     
b1              1.000 
b2              0.331  1.000 
b3              0.152  0.746  1.000 
b4              0.076  0.427  0.799  1.000 
a2              0.016 -0.659 -0.866 -0.571  1.000 
a3              0.208  0.817  0.531  0.019 -0.683  1.000 
a4              0.094  0.514  0.898  0.962 -0.672  0.135  1.000 


*******************************************************************************
Sun Mar 20 11:50:56 2016


FIT:    data read from 'conductivity.dat' u 1:2
        format = x:z
        x range restricted to [0.00000 : 6000.00]
        #datapoints = 3000
        residuals are weighted equally (unit weight)

function used for fitting: f(x)
	f(x) = a * x
fitted parameters initialized with current variable values

iter      chisq       delta/lim  lambda   a            
   0 3.5588821189e+10   0.00e+00  3.46e+03    1.000000e+00
   3 1.5318658950e+03  -2.87e-06  3.46e+00    5.975741e-03

After 3 iterations the fit converged.
final sum of squares of residuals : 1531.87
rel. change during last iteration : -2.86626e-11

degrees of freedom    (FIT_NDF)                        : 2999
rms of residuals      (FIT_STDFIT) = sqrt(WSSR/ndf)    : 0.714697
variance of residuals (reduced chisquare) = WSSR/ndf   : 0.510792

Final set of parameters            Asymptotic Standard Error
=======================            ==========================
a               = 0.00597574       +/- 3.766e-06    (0.06302%)


*******************************************************************************
Tue Mar 22 09:01:58 2016


FIT:    data read from 'rotacf.dat' u 1:2
        format = x:z
        x range restricted to [0.00000 : 200.000]
        #datapoints = 100
        residuals are weighted equally (unit weight)

function used for fitting: f(x)
	f(x) = exp(-a*x)
fitted parameters initialized with current variable values

iter      chisq       delta/lim  lambda   a            
   0 9.1958398449e+00   0.00e+00  2.81e-02    1.000000e+00
  16 2.1687570046e-01  -1.42e-03  2.81e+01    2.118799e-02

After 16 iterations the fit converged.
final sum of squares of residuals : 0.216876
rel. change during last iteration : -1.42378e-08

degrees of freedom    (FIT_NDF)                        : 99
rms of residuals      (FIT_STDFIT) = sqrt(WSSR/ndf)    : 0.0468045
variance of residuals (reduced chisquare) = WSSR/ndf   : 0.00219066

Final set of parameters            Asymptotic Standard Error
=======================            ==========================
a               = 0.021188         +/- 0.0004105    (1.937%)


*******************************************************************************
Tue Mar 22 09:02:21 2016


FIT:    data read from 'rotacf.dat' u 1:2
        format = x:z
        x range restricted to [0.00000 : 200.000]
        #datapoints = 100
        residuals are weighted equally (unit weight)

function used for fitting: f(x)
	f(x) = b*exp(-a*x)
fitted parameters initialized with current variable values

iter      chisq       delta/lim  lambda   a             b            
   0 2.1687570046e-01   0.00e+00  2.93e-01    2.118799e-02   1.000000e+00
   4 9.6200512086e-03  -1.35e-02  2.93e-05    1.689954e-02   8.125129e-01

After 4 iterations the fit converged.
final sum of squares of residuals : 0.00962005
rel. change during last iteration : -1.34805e-07

degrees of freedom    (FIT_NDF)                        : 98
rms of residuals      (FIT_STDFIT) = sqrt(WSSR/ndf)    : 0.00990776
variance of residuals (reduced chisquare) = WSSR/ndf   : 9.81638e-05

Final set of parameters            Asymptotic Standard Error
=======================            ==========================
a               = 0.0168995        +/- 0.0001122    (0.6639%)
b               = 0.812513         +/- 0.003812     (0.4691%)

correlation matrix of the fit parameters:
                a      b      
a               1.000 
b               0.726  1.000 


*******************************************************************************
Tue Mar 22 09:02:41 2016


FIT:    data read from 'rotacf.dat' u 1:2
        format = x:z
        x range restricted to [200.000 : 1000.00]
        #datapoints = 401
        residuals are weighted equally (unit weight)

function used for fitting: f(x)
	f(x) = b*exp(-a*x)
fitted parameters initialized with current variable values

iter      chisq       delta/lim  lambda   a             b            
   0 1.0631221414e-02   0.00e+00  1.53e-02    1.689954e-02   8.125129e-01
  22 4.8687007831e-03  -2.56e-01  1.53e-05    9.635598e-03   2.326994e-01

After 22 iterations the fit converged.
final sum of squares of residuals : 0.0048687
rel. change during last iteration : -2.56093e-06

degrees of freedom    (FIT_NDF)                        : 399
rms of residuals      (FIT_STDFIT) = sqrt(WSSR/ndf)    : 0.00349317
variance of residuals (reduced chisquare) = WSSR/ndf   : 1.22023e-05

Final set of parameters            Asymptotic Standard Error
=======================            ==========================
a               = 0.0096356        +/- 0.0003876    (4.022%)
b               = 0.232699         +/- 0.02308      (9.917%)

correlation matrix of the fit parameters:
                a      b      
a               1.000 
b               0.979  1.000 


*******************************************************************************
Tue Mar 22 09:03:47 2016


FIT:    data read from 'rotacf.dat' u 1:2
        format = x:z
        x range restricted to [50.0000 : 2000.00]
        #datapoints = 976
        residuals are weighted equally (unit weight)

function used for fitting: f(x)
	f(x) = b*exp(-a*x)
fitted parameters initialized with current variable values

iter      chisq       delta/lim  lambda   a             b            
   0 4.8474567045e-01   0.00e+00  2.48e-02    9.635598e-03   2.326994e-01
   5 1.7185468217e-02  -2.31e-01  2.48e-07    1.544093e-02   7.331534e-01

After 5 iterations the fit converged.
final sum of squares of residuals : 0.0171855
rel. change during last iteration : -2.31362e-06

degrees of freedom    (FIT_NDF)                        : 974
rms of residuals      (FIT_STDFIT) = sqrt(WSSR/ndf)    : 0.0042005
variance of residuals (reduced chisquare) = WSSR/ndf   : 1.76442e-05

Final set of parameters            Asymptotic Standard Error
=======================            ==========================
a               = 0.0154409        +/- 9.389e-05    (0.6081%)
b               = 0.733153         +/- 0.006025     (0.8217%)

correlation matrix of the fit parameters:
                a      b      
a               1.000 
b               0.929  1.000 
